mode: count
mod/to.go:12.31,15.2 2 24
mod/to.go:18.36,21.2 2 32
mod/to.go:24.44,27.2 2 21
mod/to.go:30.37,33.2 2 19
mod/to.go:36.37,39.2 2 15
mod/to.go:42.33,45.2 2 52
mod/to.go:48.33,51.2 2 16
mod/to.go:54.33,57.2 2 16
mod/to.go:60.31,63.2 2 16
mod/to.go:66.29,69.2 2 26
mod/to.go:72.31,75.2 2 16
mod/to.go:78.35,81.2 2 16
mod/to.go:84.35,87.2 2 16
mod/to.go:90.35,93.2 2 16
mod/to.go:96.33,99.2 2 16
mod/to.go:102.35,105.2 2 190
mod/to.go:108.55,111.2 2 5
mod/to.go:114.62,117.2 2 13
mod/to.go:120.51,123.2 2 4
mod/to.go:126.49,129.2 2 7
mod/to.go:132.53,135.2 2 8
mod/to.go:138.54,141.2 2 4
mod/to.go:144.41,147.2 2 2
mod/to.go:150.38,153.2 2 4
mod/to.go:156.42,159.2 2 33
mod/to.go:162.36,165.2 2 4
mod/to.go:168.51,171.2 2 4
mod/toe.go:22.54,25.23 2 66
mod/toe.go:26.17,27.16 1 2
mod/toe.go:28.14,29.25 1 49
mod/toe.go:30.11,31.37 1 4
mod/toe.go:32.13,33.30 1 2
mod/toe.go:34.13,35.37 1 2
mod/toe.go:36.12,37.37 1 2
mod/toe.go:38.14,39.37 1 2
mod/toe.go:40.14,41.37 1 2
mod/toe.go:42.10,43.80 1 1
mod/toe.go:48.60,51.23 2 57
mod/toe.go:52.21,53.16 1 2
mod/toe.go:54.75,56.9 2 28
mod/toe.go:57.24,59.9 2 4
mod/toe.go:60.14,61.40 1 22
mod/toe.go:66.3,66.9 1 22
mod/toe.go:67.10,69.9 2 1
mod/toe.go:61.40,63.4 1 20
mod/toe.go:63.9,65.4 1 2
mod/toe.go:74.41,77.23 2 61
mod/toe.go:78.12,79.16 1 18
mod/toe.go:80.11,81.20 1 2
mod/toe.go:82.11,83.19 1 12
mod/toe.go:86.3,86.20 1 4
mod/toe.go:87.14,88.39 1 28
mod/toe.go:89.10,90.74 1 1
mod/toe.go:83.19,85.4 1 8
mod/toe.go:95.47,98.23 2 36
mod/toe.go:99.15,100.16 1 4
mod/toe.go:101.15,102.25 1 4
mod/toe.go:103.11,104.25 1 2
mod/toe.go:105.13,106.25 1 2
mod/toe.go:107.13,108.25 1 2
mod/toe.go:109.13,110.25 1 2
mod/toe.go:111.12,112.25 1 2
mod/toe.go:113.12,114.25 1 2
mod/toe.go:115.14,116.25 1 2
mod/toe.go:117.14,118.25 1 2
mod/toe.go:119.14,120.25 1 2
mod/toe.go:121.13,122.25 1 2
mod/toe.go:123.14,125.17 2 3
mod/toe.go:128.3,128.73 1 1
mod/toe.go:129.12,130.8 1 4
mod/toe.go:133.3,133.16 1 2
mod/toe.go:134.10,135.73 1 1
mod/toe.go:125.17,127.4 1 2
mod/toe.go:130.8,132.4 1 2
mod/toe.go:140.47,143.23 2 32
mod/toe.go:144.15,145.25 1 2
mod/toe.go:146.15,147.16 1 2
mod/toe.go:148.11,149.25 1 2
mod/toe.go:150.13,151.25 1 2
mod/toe.go:152.13,153.25 1 2
mod/toe.go:154.13,155.25 1 2
mod/toe.go:156.12,157.25 1 2
mod/toe.go:158.12,159.25 1 2
mod/toe.go:160.14,161.25 1 2
mod/toe.go:162.14,163.25 1 2
mod/toe.go:164.14,165.25 1 2
mod/toe.go:166.13,167.25 1 2
mod/toe.go:168.14,170.17 2 3
mod/toe.go:173.3,173.73 1 1
mod/toe.go:174.12,175.8 1 4
mod/toe.go:178.3,178.16 1 2
mod/toe.go:179.10,180.73 1 1
mod/toe.go:170.17,172.4 1 2
mod/toe.go:175.8,177.4 1 2
mod/toe.go:185.43,188.23 2 86
mod/toe.go:189.11,190.23 1 16
mod/toe.go:191.13,192.16 1 8
mod/toe.go:193.13,194.23 1 12
mod/toe.go:195.13,196.23 1 4
mod/toe.go:197.12,198.23 1 4
mod/toe.go:199.12,200.23 1 4
mod/toe.go:201.14,202.23 1 4
mod/toe.go:203.14,204.23 1 4
mod/toe.go:205.14,206.23 1 8
mod/toe.go:207.13,208.23 1 4
mod/toe.go:209.15,210.23 1 6
mod/toe.go:211.15,212.23 1 2
mod/toe.go:213.14,215.17 2 3
mod/toe.go:218.3,218.71 1 1
mod/toe.go:219.12,220.8 1 4
mod/toe.go:223.3,223.16 1 2
mod/toe.go:224.11,225.16 1 2
mod/toe.go:226.10,227.71 1 1
mod/toe.go:215.17,217.4 1 2
mod/toe.go:220.8,222.4 1 2
mod/toe.go:232.43,235.23 2 34
mod/toe.go:236.11,237.23 1 2
mod/toe.go:238.13,239.23 1 2
mod/toe.go:240.13,241.16 1 2
mod/toe.go:242.13,243.23 1 2
mod/toe.go:244.12,245.23 1 2
mod/toe.go:246.12,247.23 1 2
mod/toe.go:248.14,249.23 1 2
mod/toe.go:250.14,251.23 1 2
mod/toe.go:252.14,253.23 1 2
mod/toe.go:254.13,255.23 1 2
mod/toe.go:256.15,257.23 1 2
mod/toe.go:258.15,259.23 1 2
mod/toe.go:260.14,262.17 2 3
mod/toe.go:265.3,265.71 1 1
mod/toe.go:266.12,267.8 1 4
mod/toe.go:270.3,270.16 1 2
mod/toe.go:271.11,272.16 1 2
mod/toe.go:273.10,274.71 1 1
mod/toe.go:262.17,264.4 1 2
mod/toe.go:267.8,269.4 1 2
mod/toe.go:279.43,282.23 2 34
mod/toe.go:283.11,284.23 1 2
mod/toe.go:285.13,286.23 1 2
mod/toe.go:287.13,288.23 1 2
mod/toe.go:289.13,290.16 1 2
mod/toe.go:291.12,292.23 1 2
mod/toe.go:293.12,294.23 1 2
mod/toe.go:295.14,296.23 1 2
mod/toe.go:297.14,298.23 1 2
mod/toe.go:299.14,300.23 1 2
mod/toe.go:301.13,302.23 1 2
mod/toe.go:303.15,304.23 1 2
mod/toe.go:305.15,306.23 1 2
mod/toe.go:307.14,309.17 2 3
mod/toe.go:312.3,312.71 1 1
mod/toe.go:313.12,314.8 1 4
mod/toe.go:317.3,317.16 1 2
mod/toe.go:318.11,319.16 1 2
mod/toe.go:320.10,321.71 1 1
mod/toe.go:309.17,311.4 1 2
mod/toe.go:314.8,316.4 1 2
mod/toe.go:326.41,329.23 2 34
mod/toe.go:330.11,331.22 1 2
mod/toe.go:332.13,333.22 1 2
mod/toe.go:334.13,335.22 1 2
mod/toe.go:336.13,337.22 1 2
mod/toe.go:338.12,339.16 1 2
mod/toe.go:340.12,341.22 1 2
mod/toe.go:342.14,343.22 1 2
mod/toe.go:344.14,345.22 1 2
mod/toe.go:346.14,347.22 1 2
mod/toe.go:348.13,349.22 1 2
mod/toe.go:350.15,351.22 1 2
mod/toe.go:352.15,353.22 1 2
mod/toe.go:354.14,356.17 2 3
mod/toe.go:359.3,359.70 1 1
mod/toe.go:360.12,361.8 1 4
mod/toe.go:364.3,364.16 1 2
mod/toe.go:365.11,366.16 1 2
mod/toe.go:367.10,368.70 1 1
mod/toe.go:356.17,358.4 1 2
mod/toe.go:361.8,363.4 1 2
mod/toe.go:373.39,376.23 2 69
mod/toe.go:377.11,378.16 1 12
mod/toe.go:379.13,380.21 1 2
mod/toe.go:381.13,382.21 1 6
mod/toe.go:383.13,384.21 1 2
mod/toe.go:385.12,386.21 1 2
mod/toe.go:387.12,388.21 1 2
mod/toe.go:389.14,390.21 1 2
mod/toe.go:391.14,392.21 1 2
mod/toe.go:393.14,394.21 1 6
mod/toe.go:395.13,396.21 1 2
mod/toe.go:397.15,398.21 1 10
mod/toe.go:399.15,400.21 1 2
mod/toe.go:401.14,403.17 2 12
mod/toe.go:406.3,406.69 1 2
mod/toe.go:407.12,408.8 1 4
mod/toe.go:411.3,411.16 1 2
mod/toe.go:412.11,413.16 1 2
mod/toe.go:414.10,415.69 1 1
mod/toe.go:403.17,405.4 1 10
mod/toe.go:408.8,410.4 1 2
mod/toe.go:420.41,423.23 2 42
mod/toe.go:424.14,426.17 2 4
mod/toe.go:429.3,429.65 1 2
mod/toe.go:430.11,431.12 1 3
mod/toe.go:434.3,434.22 1 2
mod/toe.go:435.13,436.12 1 3
mod/toe.go:439.3,439.22 1 2
mod/toe.go:440.13,441.12 1 3
mod/toe.go:444.3,444.22 1 2
mod/toe.go:445.13,446.12 1 3
mod/toe.go:449.3,449.22 1 2
mod/toe.go:450.12,451.12 1 3
mod/toe.go:454.3,454.22 1 2
mod/toe.go:455.12,456.16 1 2
mod/toe.go:457.14,458.22 1 2
mod/toe.go:459.14,460.22 1 2
mod/toe.go:461.14,462.22 1 2
mod/toe.go:463.13,464.22 1 2
mod/toe.go:465.15,466.12 1 3
mod/toe.go:469.3,469.22 1 2
mod/toe.go:470.15,471.12 1 3
mod/toe.go:474.3,474.22 1 2
mod/toe.go:475.12,476.8 1 4
mod/toe.go:479.3,479.16 1 2
mod/toe.go:480.11,481.16 1 2
mod/toe.go:482.10,483.70 1 1
mod/toe.go:426.17,428.4 1 2
mod/toe.go:431.12,433.4 1 1
mod/toe.go:436.12,438.4 1 1
mod/toe.go:441.12,443.4 1 1
mod/toe.go:446.12,448.4 1 1
mod/toe.go:451.12,453.4 1 1
mod/toe.go:466.12,468.4 1 1
mod/toe.go:471.12,473.4 1 1
mod/toe.go:476.8,478.4 1 2
mod/toe.go:488.45,491.23 2 42
mod/toe.go:492.14,494.17 2 4
mod/toe.go:497.3,497.67 1 2
mod/toe.go:498.11,499.12 1 3
mod/toe.go:502.3,502.24 1 2
mod/toe.go:503.13,504.12 1 3
mod/toe.go:507.3,507.24 1 2
mod/toe.go:508.13,509.12 1 3
mod/toe.go:512.3,512.24 1 2
mod/toe.go:513.13,514.12 1 3
mod/toe.go:517.3,517.24 1 2
mod/toe.go:518.12,519.12 1 3
mod/toe.go:522.3,522.24 1 2
mod/toe.go:523.12,524.24 1 2
mod/toe.go:525.14,526.16 1 2
mod/toe.go:527.14,528.24 1 2
mod/toe.go:529.14,530.24 1 2
mod/toe.go:531.13,532.24 1 2
mod/toe.go:533.15,534.12 1 3
mod/toe.go:537.3,537.24 1 2
mod/toe.go:538.15,539.12 1 3
mod/toe.go:542.3,542.24 1 2
mod/toe.go:543.12,544.8 1 4
mod/toe.go:547.3,547.16 1 2
mod/toe.go:548.11,549.16 1 2
mod/toe.go:550.10,551.72 1 1
mod/toe.go:494.17,496.4 1 2
mod/toe.go:499.12,501.4 1 1
mod/toe.go:504.12,506.4 1 1
mod/toe.go:509.12,511.4 1 1
mod/toe.go:514.12,516.4 1 1
mod/toe.go:519.12,521.4 1 1
mod/toe.go:534.12,536.4 1 1
mod/toe.go:539.12,541.4 1 1
mod/toe.go:544.8,546.4 1 2
mod/toe.go:556.45,559.23 2 42
mod/toe.go:560.14,562.17 2 4
mod/toe.go:565.3,565.67 1 2
mod/toe.go:566.11,567.12 1 3
mod/toe.go:570.3,570.24 1 2
mod/toe.go:571.13,572.12 1 3
mod/toe.go:575.3,575.24 1 2
mod/toe.go:576.13,577.12 1 3
mod/toe.go:580.3,580.24 1 2
mod/toe.go:581.13,582.12 1 3
mod/toe.go:585.3,585.24 1 2
mod/toe.go:586.12,587.12 1 3
mod/toe.go:590.3,590.24 1 2
mod/toe.go:591.12,592.24 1 2
mod/toe.go:593.14,594.24 1 2
mod/toe.go:595.14,596.16 1 2
mod/toe.go:597.14,598.24 1 2
mod/toe.go:599.13,600.24 1 2
mod/toe.go:601.15,602.12 1 3
mod/toe.go:605.3,605.24 1 2
mod/toe.go:606.15,607.12 1 3
mod/toe.go:610.3,610.24 1 2
mod/toe.go:611.12,612.8 1 4
mod/toe.go:615.3,615.16 1 2
mod/toe.go:616.11,617.16 1 2
mod/toe.go:618.10,619.72 1 1
mod/toe.go:562.17,564.4 1 2
mod/toe.go:567.12,569.4 1 1
mod/toe.go:572.12,574.4 1 1
mod/toe.go:577.12,579.4 1 1
mod/toe.go:582.12,584.4 1 1
mod/toe.go:587.12,589.4 1 1
mod/toe.go:602.12,604.4 1 1
mod/toe.go:607.12,609.4 1 1
mod/toe.go:612.8,614.4 1 2
mod/toe.go:624.45,627.23 2 42
mod/toe.go:628.14,630.17 2 4
mod/toe.go:633.3,633.67 1 2
mod/toe.go:634.11,635.12 1 3
mod/toe.go:638.3,638.24 1 2
mod/toe.go:639.13,640.12 1 3
mod/toe.go:643.3,643.24 1 2
mod/toe.go:644.13,645.12 1 3
mod/toe.go:648.3,648.24 1 2
mod/toe.go:649.13,650.12 1 3
mod/toe.go:653.3,653.24 1 2
mod/toe.go:654.12,655.12 1 3
mod/toe.go:658.3,658.24 1 2
mod/toe.go:659.12,660.24 1 2
mod/toe.go:661.14,662.24 1 2
mod/toe.go:663.14,664.24 1 2
mod/toe.go:665.14,666.16 1 2
mod/toe.go:667.13,668.24 1 2
mod/toe.go:669.15,670.12 1 3
mod/toe.go:673.3,673.24 1 2
mod/toe.go:674.15,675.12 1 3
mod/toe.go:678.3,678.24 1 2
mod/toe.go:679.12,680.8 1 4
mod/toe.go:683.3,683.16 1 2
mod/toe.go:684.11,685.16 1 2
mod/toe.go:686.10,687.72 1 1
mod/toe.go:630.17,632.4 1 2
mod/toe.go:635.12,637.4 1 1
mod/toe.go:640.12,642.4 1 1
mod/toe.go:645.12,647.4 1 1
mod/toe.go:650.12,652.4 1 1
mod/toe.go:655.12,657.4 1 1
mod/toe.go:670.12,672.4 1 1
mod/toe.go:675.12,677.4 1 1
mod/toe.go:680.8,682.4 1 2
mod/toe.go:692.43,695.23 2 42
mod/toe.go:696.14,698.17 2 4
mod/toe.go:701.3,701.66 1 2
mod/toe.go:702.11,703.12 1 3
mod/toe.go:706.3,706.23 1 2
mod/toe.go:707.13,708.12 1 3
mod/toe.go:711.3,711.23 1 2
mod/toe.go:712.13,713.12 1 3
mod/toe.go:716.3,716.23 1 2
mod/toe.go:717.13,718.12 1 3
mod/toe.go:721.3,721.23 1 2
mod/toe.go:722.12,723.12 1 3
mod/toe.go:726.3,726.23 1 2
mod/toe.go:727.12,728.23 1 2
mod/toe.go:729.14,730.23 1 2
mod/toe.go:731.14,732.23 1 2
mod/toe.go:733.14,734.23 1 2
mod/toe.go:735.13,736.16 1 2
mod/toe.go:737.15,738.12 1 3
mod/toe.go:741.3,741.23 1 2
mod/toe.go:742.15,743.12 1 3
mod/toe.go:746.3,746.23 1 2
mod/toe.go:747.12,748.8 1 4
mod/toe.go:751.3,751.16 1 2
mod/toe.go:752.11,753.16 1 2
mod/toe.go:754.10,755.71 1 1
mod/toe.go:698.17,700.4 1 2
mod/toe.go:703.12,705.4 1 1
mod/toe.go:708.12,710.4 1 1
mod/toe.go:713.12,715.4 1 1
mod/toe.go:718.12,720.4 1 1
mod/toe.go:723.12,725.4 1 1
mod/toe.go:738.12,740.4 1 1
mod/toe.go:743.12,745.4 1 1
mod/toe.go:748.8,750.4 1 2
mod/toe.go:763.42,764.14 1 719
mod/toe.go:767.2,767.53 1 697
mod/toe.go:771.2,772.44 2 2
mod/toe.go:775.2,775.22 1 2
mod/toe.go:764.14,766.3 1 22
mod/toe.go:767.53,770.3 1 695
mod/toe.go:772.44,774.3 1 3
mod/toe.go:783.59,784.14 1 226
mod/toe.go:788.2,792.120 4 224
mod/toe.go:795.2,795.22 1 224
mod/toe.go:784.14,786.3 1 2
mod/toe.go:792.120,794.3 1 1
mod/toe.go:799.45,802.23 2 226
mod/toe.go:803.14,804.16 1 171
mod/toe.go:805.12,806.36 1 4
mod/toe.go:807.15,808.50 1 2
mod/toe.go:809.15,810.59 1 2
mod/toe.go:811.11,812.30 1 8
mod/toe.go:813.13,814.39 1 2
mod/toe.go:815.13,816.35 1 2
mod/toe.go:817.13,818.46 1 2
mod/toe.go:819.12,820.46 1 2
mod/toe.go:821.12,822.46 1 2
mod/toe.go:823.14,824.46 1 2
mod/toe.go:825.14,826.46 1 2
mod/toe.go:827.14,828.46 1 2
mod/toe.go:829.13,830.46 1 2
mod/toe.go:831.14,832.24 1 2
mod/toe.go:833.21,834.24 1 2
mod/toe.go:835.20,836.24 1 2
mod/toe.go:837.19,838.24 1 2
mod/toe.go:839.20,840.24 1 2
mod/toe.go:841.25,842.24 1 2
mod/toe.go:843.11,844.17 1 2
mod/toe.go:845.20,846.25 1 1
mod/toe.go:847.13,848.24 1 1
mod/toe.go:849.10,850.73 1 5
mod/toe.go:855.65,858.23 2 14
mod/toe.go:859.25,860.16 1 2
mod/toe.go:861.30,862.25 1 2
mod/toe.go:865.3,865.16 1 2
mod/toe.go:866.30,867.25 1 2
mod/toe.go:870.3,870.16 1 2
mod/toe.go:871.35,872.25 1 2
mod/toe.go:875.3,875.16 1 2
mod/toe.go:876.14,878.16 2 4
mod/toe.go:879.10,880.83 1 2
mod/toe.go:862.25,864.4 1 6
mod/toe.go:867.25,869.4 1 6
mod/toe.go:872.25,874.4 1 6
mod/toe.go:885.72,888.23 2 32
mod/toe.go:945.2,945.15 1 4
mod/toe.go:889.27,890.16 1 6
mod/toe.go:891.32,892.25 1 2
mod/toe.go:895.3,895.16 1 2
mod/toe.go:896.25,897.25 1 2
mod/toe.go:900.30,901.25 1 6
mod/toe.go:911.3,911.16 1 6
mod/toe.go:912.32,913.25 1 2
mod/toe.go:916.3,916.16 1 2
mod/toe.go:917.30,918.25 1 2
mod/toe.go:921.3,921.16 1 2
mod/toe.go:922.37,923.25 1 2
mod/toe.go:926.3,926.16 1 2
mod/toe.go:927.35,928.25 1 4
mod/toe.go:939.14,941.16 2 4
mod/toe.go:942.10,943.85 1 2
mod/toe.go:892.25,894.4 1 6
mod/toe.go:897.25,899.4 1 6
mod/toe.go:901.25,902.28 1 16
mod/toe.go:903.23,904.35 1 6
mod/toe.go:905.18,906.22 1 4
mod/toe.go:907.12,908.41 1 6
mod/toe.go:913.25,915.4 1 6
mod/toe.go:918.25,920.4 1 6
mod/toe.go:923.25,925.4 1 6
mod/toe.go:928.25,930.18 2 8
mod/toe.go:933.4,934.18 2 7
mod/toe.go:937.4,937.18 1 6
mod/toe.go:930.18,932.5 1 1
mod/toe.go:934.18,936.5 1 1
mod/toe.go:949.61,952.23 2 11
mod/toe.go:953.35,954.25 1 2
mod/toe.go:957.3,957.16 1 2
mod/toe.go:958.30,959.25 1 2
mod/toe.go:962.3,962.16 1 2
mod/toe.go:963.23,964.16 1 2
mod/toe.go:965.14,967.16 2 3
mod/toe.go:968.10,969.81 1 2
mod/toe.go:954.25,956.4 1 4
mod/toe.go:959.25,961.4 1 4
mod/toe.go:974.64,977.23 2 11
mod/toe.go:978.35,979.25 1 2
mod/toe.go:982.3,982.16 1 2
mod/toe.go:983.30,984.16 1 2
mod/toe.go:985.14,987.16 2 5
mod/toe.go:988.10,989.88 1 2
mod/toe.go:979.25,981.4 1 4
mod/toe.go:994.59,996.14 2 17
mod/toe.go:1000.2,1000.23 1 16
mod/toe.go:1018.2,1018.45 1 7
mod/toe.go:1022.2,1024.37 3 6
mod/toe.go:1031.2,1031.15 1 6
mod/toe.go:996.14,998.3 1 1
mod/toe.go:1001.35,1002.25 1 2
mod/toe.go:1005.3,1005.16 1 2
mod/toe.go:1006.30,1007.25 1 2
mod/toe.go:1010.3,1010.16 1 2
mod/toe.go:1011.22,1012.16 1 2
mod/toe.go:1013.14,1015.16 2 3
mod/toe.go:1002.25,1004.4 1 4
mod/toe.go:1007.25,1009.4 1 4
mod/toe.go:1018.45,1020.3 1 1
mod/toe.go:1024.37,1026.17 2 12
mod/toe.go:1029.3,1029.49 1 12
mod/toe.go:1026.17,1028.4 1 0
mod/toe.go:1035.63,1037.14 2 19
mod/toe.go:1041.2,1041.23 1 18
mod/toe.go:1059.2,1059.45 1 9
mod/toe.go:1062.2,1064.37 3 8
mod/toe.go:1071.2,1071.15 1 8
mod/toe.go:1037.14,1039.3 1 1
mod/toe.go:1042.35,1043.25 1 2
mod/toe.go:1046.3,1046.16 1 2
mod/toe.go:1047.30,1048.25 1 2
mod/toe.go:1051.3,1051.16 1 2
mod/toe.go:1052.24,1053.16 1 2
mod/toe.go:1054.14,1056.16 2 3
mod/toe.go:1043.25,1045.4 1 4
mod/toe.go:1048.25,1050.4 1 4
mod/toe.go:1059.45,1061.3 1 1
mod/toe.go:1064.37,1066.17 2 16
mod/toe.go:1069.3,1069.49 1 16
mod/toe.go:1066.17,1068.4 1 0
mod/toe.go:1075.51,1078.23 2 6
mod/toe.go:1079.21,1080.30 1 2
mod/toe.go:1081.32,1082.23 1 2
mod/toe.go:1085.3,1085.16 1 2
mod/toe.go:1086.10,1087.79 1 2
mod/toe.go:1082.23,1084.4 1 4
mod/toe.go:1092.48,1093.14 1 11
mod/toe.go:1097.2,1097.23 1 10
mod/toe.go:1102.2,1103.14 2 8
mod/toe.go:1093.14,1095.3 1 1
mod/toe.go:1098.14,1099.16 1 2
mod/toe.go:1104.36,1107.32 3 7
mod/toe.go:1114.3,1114.16 1 6
mod/toe.go:1115.10,1116.79 1 1
mod/toe.go:1107.32,1109.18 2 19
mod/toe.go:1112.4,1112.14 1 18
mod/toe.go:1109.18,1111.5 1 1
mod/toe.go:1121.52,1124.23 2 45
mod/toe.go:1125.21,1126.23 1 20
mod/toe.go:1129.3,1129.16 1 20
mod/toe.go:1130.16,1131.16 1 8
mod/toe.go:1132.14,1133.32 1 12
mod/toe.go:1134.19,1136.17 2 4
mod/toe.go:1139.3,1139.28 1 2
mod/toe.go:1140.10,1141.74 1 1
mod/toe.go:1126.23,1128.4 1 58
mod/toe.go:1136.17,1138.4 1 2
mod/toe.go:1146.46,1147.14 1 11
mod/toe.go:1151.2,1151.23 1 10
mod/toe.go:1156.2,1157.14 2 8
mod/toe.go:1147.14,1149.3 1 1
mod/toe.go:1152.13,1153.16 1 2
mod/toe.go:1158.36,1161.32 3 7
mod/toe.go:1168.3,1168.16 1 6
mod/toe.go:1169.10,1170.77 1 1
mod/toe.go:1161.32,1163.18 2 13
mod/toe.go:1166.4,1166.14 1 12
mod/toe.go:1163.18,1165.5 1 1
mod/toe.go:1175.61,1176.14 1 11
mod/toe.go:1180.2,1180.23 1 10
mod/toe.go:1185.2,1186.14 2 8
mod/toe.go:1176.14,1178.3 1 1
mod/toe.go:1181.23,1182.16 1 2
mod/toe.go:1187.36,1190.32 3 7
mod/toe.go:1197.3,1197.16 1 6
mod/toe.go:1198.10,1199.97 1 1
mod/toe.go:1190.32,1192.18 2 13
mod/toe.go:1195.4,1195.14 1 12
mod/toe.go:1192.18,1194.5 1 1
mod/toe.go:1206.48,1233.2 1 49
mod/toe.go:1235.69,1236.33 1 49
mod/toe.go:1241.2,1241.53 1 1
mod/toe.go:1236.33,1237.47 1 610
mod/toe.go:1237.47,1239.4 1 48
mod/toe.go:1246.56,1249.2 2 22
